[22-Dec-2014 14:05:57 America/Chicago] mail() on [/home/dkroyer6/public_html/Got2Dance/php/newsletter.php:43]: To: jessica@got2dancelouisville.com -- Headers: From: <aimdc@me.com>  Reply-To: aimdc@me.com  X-Mailer: PHP/5.5.17
[22-Dec-2014 14:20:16 America/Chicago] mail() on [/home/dkroyer6/public_html/Got2Dance/php/contact.php:61]: To: admin@got2dancelouisville.com -- Headers: From: David<droyer01@gmail.com>  Reply-To: droyer01@gmail.com  X-Mailer: PHP/5.5.17
[22-Dec-2014 14:21:01 America/Chicago] mail() on [/home/dkroyer6/public_html/Got2Dance/php/contact.php:61]: To: admin@got2dancelouisville.com -- Headers: From: David<aimdc@me.com>  Reply-To: aimdc@me.com  X-Mailer: PHP/5.5.17
[22-Dec-2014 14:34:15 America/Chicago] mail() on [/home/dkroyer6/public_html/Got2Dance/php/contact.php:61]: To: david@got2dancelouisville.com -- Headers: From: David<droyer01@gmail.com>  Reply-To: droyer01@gmail.com  X-Mailer: PHP/5.5.17
[22-Dec-2014 23:46:51 America/Chicago] mail() on [/home/dkroyer6/public_html/Got2Dance/php/newsletter.php:43]: To: jessica@got2dancelouisville.com -- Headers: From: <aimdc@me.com>  Reply-To: aimdc@me.com  X-Mailer: PHP/5.5.17
[26-Dec-2014 22:49:42 America/Chicago] mail() on [/home/dkroyer6/public_html/Got2Dance/php/newsletter.php:43]: To: jessica@got2dancelouisville.com -- Headers: From: <ddhook11@gmail.com>  Reply-To: ddhook11@gmail.com  X-Mailer: PHP/5.5.17
[01-Jan-2015 08:57:00 America/Chicago] mail() on [/home/dkroyer6/public_html/Got2Dance/php/newsletter.php:43]: To: jessica@got2dancelouisville.com -- Headers: From: <unclemall1949@yahoo.com>  Reply-To: unclemall1949@yahoo.com  X-Mailer: PHP/5.5.17
[01-Jan-2015 21:25:59 America/Chicago] mail() on [/home/dkroyer6/public_html/Got2Dance/php/newsletter.php:43]: To: jessica@got2dancelouisville.com -- Headers: From: <marciahayslenz@gmail.com>  Reply-To: marciahayslenz@gmail.com  X-Mailer: PHP/5.5.17
[03-Jan-2015 11:37:42 America/Chicago] mail() on [/home/dkroyer6/public_html/Got2Dance/php/newsletter.php:43]: To: jessica@got2dancelouisville.com -- Headers: From: <jenniferweaver29@gmail.com>  Reply-To: jenniferweaver29@gmail.com  X-Mailer: PHP/5.5.17
[05-Jan-2015 18:12:53 America/Chicago] mail() on [/home/dkroyer6/public_html/Got2Dance/php/newsletter.php:43]: To: jessica@got2dancelouisville.com -- Headers: From: <jensyn.kaplan@gmail.com>  Reply-To: jensyn.kaplan@gmail.com  X-Mailer: PHP/5.5.17
[06-Jan-2015 21:29:27 America/Chicago] mail() on [/home/dkroyer6/public_html/Got2Dance/php/contact.php:61]: To: info@got2dancelouisville.com -- Headers: From: David<aimdc@me.com>  Reply-To: aimdc@me.com  X-Mailer: PHP/5.5.17
[07-Jan-2015 17:47:09 America/Chicago] mail() on [/home/dkroyer6/public_html/Got2Dance/php/contact.php:61]: To: info@got2dancelouisville.com -- Headers: From: Simon Fields<fields0923@aol.com>  Reply-To: fields0923@aol.com  X-Mailer: PHP/5.5.17
[08-Jan-2015 17:49:47 America/Chicago] mail() on [/home/dkroyer6/public_html/Got2Dance/php/contact.php:61]: To: info@got2dancelouisville.com -- Headers: From: rgs<rgs@twc.com>  Reply-To: rgs@twc.com  X-Mailer: PHP/5.5.17
[22-Jan-2015 06:18:10 America/Chicago] mail() on [/home/dkroyer6/public_html/Got2Dance/php/contact.php:61]: To: info@got2dancelouisville.com -- Headers: From: Jessica<jlynnandsophie@gmail.com>  Reply-To: jlynnandsophie@gmail.com  X-Mailer: PHP/5.5.17
[23-Jan-2015 12:19:36 America/Chicago] mail() on [/home/dkroyer6/public_html/Got2Dance/php/contact.php:61]: To: info@got2dancelouisville.com -- Headers: From: jessica<jlynnandsophie@gmail.com>  Reply-To: jlynnandsophie@gmail.com  X-Mailer: PHP/5.5.17
[26-Jan-2015 10:52:11 America/Chicago] mail() on [/home/dkroyer6/public_html/Got2Dance/php/contact.php:61]: To: info@got2dancelouisville.com -- Headers: From: Don Wallace<donwallace1224@outlook.com>  Reply-To: donwallace1224@outlook.com  X-Mailer: PHP/5.5.17
[27-Jan-2015 12:21:35 America/Chicago] mail() on [/home/dkroyer6/public_html/Got2Dance/php/contact.php:61]: To: info@got2dancelouisville.com -- Headers: From: Don Wallace<donwallace1224@outlook.com>  Reply-To: donwallace1224@outlook.com  X-Mailer: PHP/5.5.17
[02-Feb-2015 10:12:31 America/Chicago] mail() on [/home/dkroyer6/public_html/Got2Dance/php/contact.php:61]: To: info@got2dancelouisville.com -- Headers: From: Ann <anirysgil@gmail.com>  Reply-To: anirysgil@gmail.com  X-Mailer: PHP/5.5.17
[02-Feb-2015 15:51:38 America/Chicago] mail() on [/home/dkroyer6/public_html/Got2Dance/php/contact.php:61]: To: info@got2dancelouisville.com -- Headers: From: Gary Blevins<Gary@bolerosdanceclub.com>  Reply-To: Gary@bolerosdanceclub.com  X-Mailer: PHP/5.5.17
[07-Feb-2015 18:49:33 America/Chicago] mail() on [/home/dkroyer6/public_html/Got2Dance/php/contact.php:61]: To: info@got2dancelouisville.com -- Headers: From: Danielle Zell<danielle_zell@yahoo.com>  Reply-To: danielle_zell@yahoo.com  X-Mailer: PHP/5.5.17
[09-Feb-2015 14:31:55 America/Chicago] mail() on [/home/dkroyer6/public_html/Got2Dance/php/contact.php:61]: To: info@got2dancelouisville.com -- Headers: From: Beth Azevedo<azev0009@yahoo.com>  Reply-To: azev0009@yahoo.com  X-Mailer: PHP/5.5.17
[25-Feb-2015 09:37:23 America/Chicago] mail() on [/home/dkroyer6/public_html/Got2Dance/php/contact.php:61]: To: info@got2dancelouisville.com -- Headers: From: Roger Dutschke<myhomeky@bellsouth.net>  Reply-To: myhomeky@bellsouth.net  X-Mailer: PHP/5.5.17
[27-Feb-2015 11:29:52 America/Chicago] mail() on [/home/dkroyer6/public_html/Got2Dance/php/contact.php:61]: To: info@got2dancelouisville.com -- Headers: From: PJ<pjpoet@gmail.com>  Reply-To: pjpoet@gmail.com  X-Mailer: PHP/5.5.17
[01-Mar-2015 14:24:02 America/Chicago] mail() on [/home/dkroyer6/public_html/Got2Dance/php/contact.php:61]: To: info@got2dancelouisville.com -- Headers: From: Laura Jones<lrjones2417@gmail.com>  Reply-To: lrjones2417@gmail.com  X-Mailer: PHP/5.5.17
[04-Mar-2015 08:37:20 America/Chicago] mail() on [/home/dkroyer6/public_html/Got2Dance/php/contact.php:61]: To: info@got2dancelouisville.com -- Headers: From: Don Wallace<donwallace1224@outlook.com>  Reply-To: donwallace1224@outlook.com  X-Mailer: PHP/5.5.17
[04-Mar-2015 17:17:23 America/Chicago] mail() on [/home/dkroyer6/public_html/Got2Dance/php/contact.php:61]: To: info@got2dancelouisville.com -- Headers: From: Laura Jones<lrjones2417@gmail.com>  Reply-To: lrjones2417@gmail.com  X-Mailer: PHP/5.5.17
[06-Mar-2015 15:51:30 America/Chicago] mail() on [/home/dkroyer6/public_html/Got2Dance/php/contact.php:61]: To: info@got2dancelouisville.com -- Headers: From: Laura Jones<lrjones2417@gmail.com>  Reply-To: lrjones2417@gmail.com  X-Mailer: PHP/5.5.17
[16-Mar-2015 14:45:17 America/Chicago] mail() on [/home/dkroyer6/public_html/Got2Dance/php/contact.php:61]: To: info@got2dancelouisville.com -- Headers: From: Jane Blum<janeblum@twc.com>  Reply-To: janeblum@twc.com  X-Mailer: PHP/5.5.17
[17-Mar-2015 15:25:38 America/Chicago] mail() on [/home/dkroyer6/public_html/Got2Dance/php/contact.php:61]: To: info@got2dancelouisville.com -- Headers: From: Debbie Kyle<debbie.kyle@uky.edu>  Reply-To: debbie.kyle@uky.edu  X-Mailer: PHP/5.5.17
[03-Apr-2015 07:29:57 America/Chicago] mail() on [/home/dkroyer6/public_html/Got2Dance/php/contact.php:61]: To: info@got2dancelouisville.com -- Headers: From: Michael Brame<m.brame@twc.com>  Reply-To: m.brame@twc.com  X-Mailer: PHP/5.5.17
[03-Apr-2015 14:20:30 America/Chicago] mail() on [/home/dkroyer6/public_html/Got2Dance/php/contact.php:61]: To: info@got2dancelouisville.com -- Headers: From: Don Wallace<donwallace1224@outlook.com>  Reply-To: donwallace1224@outlook.com  X-Mailer: PHP/5.5.17
[23-Apr-2015 13:56:05 America/Chicago] mail() on [/home/dkroyer6/public_html/Got2Dance/php/contact.php:61]: To: info@got2dancelouisville.com -- Headers: From: Susie Jeffries<easterner98@yahoo.com>  Reply-To: easterner98@yahoo.com  X-Mailer: PHP/5.5.17
[27-Apr-2015 12:29:14 America/Chicago] mail() on [/home/dkroyer6/public_html/Got2Dance/php/contact.php:61]: To: info@got2dancelouisville.com -- Headers: From: Megan<lilmeggie_89@yahoo.com>  Reply-To: lilmeggie_89@yahoo.com  X-Mailer: PHP/5.5.17
[28-Apr-2015 08:13:38 America/Chicago] mail() on [/home/dkroyer6/public_html/Got2Dance/php/contact.php:61]: To: info@got2dancelouisville.com -- Headers: From: Lori Croasdell<lcroasdell@me.com>  Reply-To: lcroasdell@me.com  X-Mailer: PHP/5.5.17
[03-May-2015 06:59:25 America/Chicago] mail() on [/home/dkroyer6/public_html/Got2Dance/php/contact.php:61]: To: info@got2dancelouisville.com -- Headers: From: Julie Owen<julieowen65@gmail.com>  Reply-To: julieowen65@gmail.com  X-Mailer: PHP/5.5.17
[11-May-2015 06:56:21 America/Chicago] mail() on [/home/dkroyer6/public_html/Got2Dance/php/contact.php:61]: To: info@got2dancelouisville.com -- Headers: From: Lori Croasdell<lcroasdell@me.com>  Reply-To: lcroasdell@me.com  X-Mailer: PHP/5.5.17
[13-May-2015 12:36:48 America/Chicago] mail() on [/home/dkroyer6/public_html/Got2Dance/php/contact.php:61]: To: info@got2dancelouisville.com -- Headers: From: Ann Marie<alex@bravodancestudio.com>  Reply-To: alex@bravodancestudio.com  X-Mailer: PHP/5.5.17
[02-Jun-2015 21:20:36 America/Chicago] mail() on [/home/dkroyer6/public_html/Got2Dance/php/contact.php:61]: To: info@got2dancelouisville.com -- Headers: From: jeremy kelly<jkelly@cmtsegrs.com>  Reply-To: jkelly@cmtsegrs.com  X-Mailer: PHP/5.5.24
[02-Jun-2015 21:32:47 America/Chicago] mail() on [/home/dkroyer6/public_html/Got2Dance/php/contact.php:61]: To: info@got2dancelouisville.com -- Headers: From: jeremy kelly<jkelly@cmtaegrs.com>  Reply-To: jkelly@cmtaegrs.com  X-Mailer: PHP/5.5.24
[08-Jun-2015 15:48:51 America/Chicago] mail() on [/home/dkroyer6/public_html/Got2Dance/php/contact.php:61]: To: info@got2dancelouisville.com -- Headers: From: Ann Marie<alex@bravodancestudio.com>  Reply-To: alex@bravodancestudio.com  X-Mailer: PHP/5.5.24
[15-Jun-2015 12:56:21 America/Chicago] mail() on [/home/dkroyer6/public_html/Got2Dance/php/contact.php:61]: To: info@got2dancelouisville.com -- Headers: From: Allie<alejandrapmarinr@gmail.com>  Reply-To: alejandrapmarinr@gmail.com  X-Mailer: PHP/5.5.24
[15-Jun-2015 20:47:31 America/Chicago] mail() on [/home/dkroyer6/public_html/Got2Dance/php/contact.php:61]: To: info@got2dancelouisville.com -- Headers: From: Roger Dutschke<myhomeky@bellsouth.net>  Reply-To: myhomeky@bellsouth.net  X-Mailer: PHP/5.5.24
[23-Jun-2015 15:43:22 America/Chicago] mail() on [/home/dkroyer6/public_html/Got2Dance/php/contact.php:61]: To: info@got2dancelouisville.com -- Headers: From: Susie Jeffries<easterner98@yahoo.com>  Reply-To: easterner98@yahoo.com  X-Mailer: PHP/5.5.25
[07-Jul-2015 11:23:04 America/Chicago] mail() on [/home/dkroyer6/public_html/Got2Dance/php/contact.php:61]: To: info@got2dancelouisville.com -- Headers: From: Nick Link<nick_b_link16@hotmail.com>  Reply-To: nick_b_link16@hotmail.com  X-Mailer: PHP/5.5.26
[21-Jul-2015 19:15:28 America/Chicago] mail() on [/home/dkroyer6/public_html/Got2Dance/php/contact.php:61]: To: info@got2dancelouisville.com -- Headers: From: Chris Pierce<cpierce1972@gmail.com>  Reply-To: cpierce1972@gmail.com  X-Mailer: PHP/5.5.26
[22-Jul-2015 01:37:05 America/Chicago] mail() on [/home/dkroyer6/public_html/Got2Dance/php/contact.php:61]: To: info@got2dancelouisville.com -- Headers: From: kathy robertson<devkat715@gmail.com>  Reply-To: devkat715@gmail.com  X-Mailer: PHP/5.5.26
[23-Jul-2015 08:43:24 America/Chicago] mail() on [/home/dkroyer6/public_html/Got2Dance/php/contact.php:61]: To: info@got2dancelouisville.com -- Headers: From: Karen Haviland<khaviland19@gmail.com>  Reply-To: khaviland19@gmail.com  X-Mailer: PHP/5.5.27
[27-Aug-2015 07:45:50 America/Chicago] mail() on [/home/dkroyer6/public_html/Got2Dance/php/contact.php:61]: To: info@got2dancelouisville.com -- Headers: From: Patrice Beal<pjbjoy@gmail.com>  Reply-To: pjbjoy@gmail.com  X-Mailer: PHP/5.5.28
[27-Aug-2015 09:42:42 America/Chicago] mail() on [/home/dkroyer6/public_html/Got2Dance/php/contact.php:61]: To: info@got2dancelouisville.com -- Headers: From: David Royer<droyer01@gmail.com>  Reply-To: droyer01@gmail.com  X-Mailer: PHP/5.5.28
[01-Sep-2015 14:33:54 America/Chicago] mail() on [/home/dkroyer6/public_html/Got2Dance/php/contact.php:61]: To: info@got2dancelouisville.com -- Headers: From: David Royer<droyer01@gmail.com>  Reply-To: droyer01@gmail.com  X-Mailer: PHP/5.5.28
[01-Sep-2015 15:04:05 America/Chicago] mail() on [/home/dkroyer6/public_html/Got2Dance/php/contact.php:61]: To: info@got2dancelouisville.com -- Headers: From: David Royer<droyer01@gmail.com>  Reply-To: droyer01@gmail.com  X-Mailer: PHP/5.5.28
[02-Sep-2015 10:58:30 America/Chicago] mail() on [/home/dkroyer6/public_html/Got2Dance/php/contact.php:61]: To: info@got2dancelouisville.com -- Headers: From: David Royer<droyer01@gmail.com>  Reply-To: droyer01@gmail.com  X-Mailer: PHP/5.5.28
[02-Sep-2015 19:04:36 America/Chicago] mail() on [/home/dkroyer6/public_html/Got2Dance/php/contact.php:61]: To: info@got2dancelouisville.com -- Headers: From: Jessica Lee<jessica.lee@bristolchildsafetykits.com>  Reply-To: jessica.lee@bristolchildsafetykits.com  X-Mailer: PHP/5.5.28
[04-Sep-2015 17:33:29 America/Chicago] mail() on [/home/dkroyer6/public_html/Got2Dance/php/contact.php:61]: To: info@got2dancelouisville.com -- Headers: From: Brittney<dickerson.brittney@louisville.edu>  Reply-To: dickerson.brittney@louisville.edu  X-Mailer: PHP/5.5.28
[04-Sep-2015 17:34:39 America/Chicago] mail() on [/home/dkroyer6/public_html/Got2Dance/php/contact.php:61]: To: info@got2dancelouisville.com -- Headers: From: Brittney<dickerson.brittney@gmail.com>  Reply-To: dickerson.brittney@gmail.com  X-Mailer: PHP/5.5.28
[08-Sep-2015 15:39:42 America/Chicago] mail() on [/home/dkroyer6/public_html/Got2Dance/php/contact.php:61]: To: info@got2dancelouisville.com -- Headers: From: David Royer<droyer01@gmail.com>  Reply-To: droyer01@gmail.com  X-Mailer: PHP/5.5.28
[08-Sep-2015 16:54:35 America/Chicago] mail() on [/home/dkroyer6/public_html/Got2Dance/php/contact.php:61]: To: info@got2dancelouisville.com -- Headers: From: David Royer<droyer01@gmail.com>  Reply-To: droyer01@gmail.com  X-Mailer: PHP/5.5.28
[08-Sep-2015 17:41:04 America/Chicago] mail() on [/home/dkroyer6/public_html/Got2Dance/php/contact.php:61]: To: info@got2dancelouisville.com -- Headers: From: David Royer<droyer01@gmail.com>  Reply-To: droyer01@gmail.com  X-Mailer: PHP/5.5.28
[08-Sep-2015 17:59:39 America/Chicago] mail() on [/home/dkroyer6/public_html/Got2Dance/php/contact.php:61]: To: info@got2dancelouisville.com -- Headers: From: David Royer<droyer01@gmail.com>  Reply-To: droyer01@gmail.com  X-Mailer: PHP/5.5.28
[08-Sep-2015 18:47:41 America/Chicago] mail() on [/home/dkroyer6/public_html/Got2Dance/php/contact.php:61]: To: info@got2dancelouisville.com -- Headers: From: David Royer<droyer01@gmail.com>  Reply-To: droyer01@gmail.com  X-Mailer: PHP/5.5.28
[08-Sep-2015 18:56:44 America/Chicago] mail() on [/home/dkroyer6/public_html/Got2Dance/php/contact.php:61]: To: info@got2dancelouisville.com -- Headers: From: David Royer<droyer01@gmail.com>  Reply-To: droyer01@gmail.com  X-Mailer: PHP/5.5.28
[09-Sep-2015 11:33:37 America/Chicago] mail() on [/home/dkroyer6/public_html/Got2Dance/php/contact.php:61]: To: info@got2dancelouisville.com -- Headers: From: Matt Skelcher<studio@90secondexplainervideos.com>  Reply-To: studio@90secondexplainervideos.com  X-Mailer: PHP/5.5.28
[21-Sep-2015 14:30:30 America/Chicago] mail() on [/home/dkroyer6/public_html/Got2Dance/php/contact.php:61]: To: info@got2dancelouisville.com -- Headers: From: Karen Veselsky<byrdog23@bellsouth.net>  Reply-To: byrdog23@bellsouth.net  X-Mailer: PHP/5.5.28
[23-Sep-2015 08:28:04 America/Chicago] mail() on [/home/dkroyer6/public_html/Got2Dance/php/contact.php:61]: To: info@got2dancelouisville.com -- Headers: From: Kay Pfeifer<kaypfeiffer33@aol.com>  Reply-To: kaypfeiffer33@aol.com  X-Mailer: PHP/5.5.28
[03-Oct-2015 18:41:53 America/Chicago] mail() on [/home/dkroyer6/public_html/Got2Dance/php/contact.php:61]: To: info@got2dancelouisville.com -- Headers: From: J. Morgan Shaffo<jmorganshaffo@gmail.com>  Reply-To: jmorganshaffo@gmail.com  X-Mailer: PHP/5.5.29
[05-Oct-2015 18:46:31 America/Chicago] mail() on [/home/dkroyer6/public_html/Got2Dance/php/contact.php:61]: To: info@got2dancelouisville.com -- Headers: From: Cathy Hodge<catmhodge@gmail.com>  Reply-To: catmhodge@gmail.com  X-Mailer: PHP/5.5.29
[22-Oct-2015 09:15:57 America/Chicago] mail() on [/home/dkroyer6/public_html/Got2Dance/php/contact.php:61]: To: info@got2dancelouisville.com -- Headers: From: Li<li.lilia@gmail.com>  Reply-To: li.lilia@gmail.com  X-Mailer: PHP/5.5.30
[26-Oct-2015 06:36:38 America/Chicago] mail() on [/home/dkroyer6/public_html/Got2Dance/php/contact.php:61]: To: info@got2dancelouisville.com -- Headers: From: Wade Shacklette<wlshackle23@gmail.com>  Reply-To: wlshackle23@gmail.com  X-Mailer: PHP/5.5.30
[09-Nov-2015 14:31:42 America/Chicago] mail() on [/home/dkroyer6/public_html/Got2Dance/php/contact.php:61]: To: info@got2dancelouisville.com -- Headers: From: gayle brady<cabriniagbrady@yahoo.com>  Reply-To: cabriniagbrady@yahoo.com  X-Mailer: PHP/5.5.30
[30-Nov-2015 09:56:24 America/Chicago] mail() on [/home/dkroyer6/public_html/Got2Dance/php/contact.php:61]: To: info@got2dancelouisville.com -- Headers: From: mike hawboldt<mike.hawboldt@ge.com>  Reply-To: mike.hawboldt@ge.com  X-Mailer: PHP/5.5.30
[12-Dec-2015 20:50:31 America/Chicago] mail() on [/home/dkroyer6/public_html/Got2Dance/php/contact.php:61]: To: info@got2dancelouisville.com -- Headers: From: Phil Comeau <psnrize2@gmail.com>  Reply-To: psnrize2@gmail.com  X-Mailer: PHP/5.5.30
[14-Dec-2015 10:59:30 America/Chicago] mail() on [/home/dkroyer6/public_html/Got2Dance/php/contact.php:61]: To: info@got2dancelouisville.com -- Headers: From: Alexander Lamas<lxander213@yahoo.com>  Reply-To: lxander213@yahoo.com  X-Mailer: PHP/5.5.30
[29-Dec-2015 08:24:38 America/Chicago] mail() on [/home/dkroyer6/public_html/Got2Dance/php/contact.php:61]: To: info@got2dancelouisville.com -- Headers: From: Amanda Caufield<acaufield7@yahoo.com>  Reply-To: acaufield7@yahoo.com  X-Mailer: PHP/5.5.30
[30-Dec-2015 17:51:16 America/Chicago] mail() on [/home/dkroyer6/public_html/Got2Dance/php/contact.php:61]: To: info@got2dancelouisville.com -- Headers: From: Mindy Folsom<mindyfolsom@gmail.com>  Reply-To: mindyfolsom@gmail.com  X-Mailer: PHP/5.5.30
[11-Jan-2016 10:17:32 America/Chicago] mail() on [/home/dkroyer6/public_html/Got2Dance/php/contact.php:61]: To: info@got2dancelouisville.com -- Headers: From: Heather Danstep<hoosierbabie@gmail.com>  Reply-To: hoosierbabie@gmail.com  X-Mailer: PHP/5.5.30
[18-Jan-2016 17:37:13 America/Chicago] mail() on [/home/dkroyer6/public_html/Got2Dance/php/contact.php:61]: To: info@got2dancelouisville.com -- Headers: From: Test<test@gmail.com>  Reply-To: test@gmail.com  X-Mailer: PHP/5.5.31
[20-Jan-2016 15:09:56 America/Chicago] mail() on [/home/dkroyer6/public_html/Got2Dance/php/contact.php:61]: To: info@got2dancelouisville.com -- Headers: From: Len<burg5555@yahoo.com>  Reply-To: burg5555@yahoo.com  X-Mailer: PHP/5.5.31
[11-Feb-2016 13:39:35 America/Chicago] mail() on [/home/dkroyer6/public_html/Got2Dance/php/contact.php:61]: To: info@got2dancelouisville.com -- Headers: From: tony bucy<tonyb@twc.com>  Reply-To: tonyb@twc.com  X-Mailer: PHP/5.5.31
[14-Feb-2016 07:35:03 America/Chicago] mail() on [/home/dkroyer6/public_html/Got2Dance/php/contact.php:61]: To: info@got2dancelouisville.com -- Headers: From: Lidia<fitter522@att.net>  Reply-To: fitter522@att.net  X-Mailer: PHP/5.5.31
[02-Mar-2016 11:28:54 America/Chicago] mail() on [/home/dkroyer6/public_html/Got2Dance/php/contact.php:61]: To: info@got2dancelouisville.com -- Headers: From: Jerry Schuble<jschuble@me.com>  Reply-To: jschuble@me.com  X-Mailer: PHP/5.5.32
[02-Mar-2016 17:43:47 America/Chicago] mail() on [/home/dkroyer6/public_html/Got2Dance/php/contact.php:61]: To: info@got2dancelouisville.com -- Headers: From: Jenn Lichtefeld<jenni4lauren@gmail.com>  Reply-To: jenni4lauren@gmail.com  X-Mailer: PHP/5.5.32
[09-Mar-2016 15:08:29 America/Chicago] mail() on [/home/dkroyer6/public_html/Got2Dance/php/contact.php:61]: To: info@got2dancelouisville.com -- Headers: From: Jerry Schuble<jschuble@me.com>  Reply-To: jschuble@me.com  X-Mailer: PHP/5.5.32
[25-Mar-2016 14:31:23 America/Chicago] mail() on [/home/dkroyer6/public_html/Got2Dance/php/contact.php:61]: To: info@got2dancelouisville.com -- Headers: From: Barbara Asher<basher@semonin.com>  Reply-To: basher@semonin.com  X-Mailer: PHP/5.5.33
[06-Apr-2016 14:51:43 America/Chicago] mail() on [/home/dkroyer6/public_html/Got2Dance/php/contact.php:61]: To: info@got2dancelouisville.com -- Headers: From: Mary Beth greene<mary.greene@jefferson.kyschools.us>  Reply-To: mary.greene@jefferson.kyschools.us  X-Mailer: PHP/5.5.33
[12-Apr-2016 10:00:16 America/Chicago] mail() on [/home/dkroyer6/public_html/Got2Dance/php/contact.php:61]: To: info@got2dancelouisville.com -- Headers: From: Kathleen York<Kathleenyork5@gmail.com>  Reply-To: Kathleenyork5@gmail.com  X-Mailer: PHP/5.5.33
[22-Apr-2016 20:06:28 America/Chicago] mail() on [/home/dkroyer6/public_html/Got2Dance/php/contact.php:61]: To: info@got2dancelouisville.com -- Headers: From: Kaity Skeen<kskeen11@gmail.com>  Reply-To: kskeen11@gmail.com  X-Mailer: PHP/5.5.33
[30-Apr-2016 12:46:56 America/Chicago] mail() on [/home/dkroyer6/public_html/Got2Dance/php/contact.php:61]: To: info@got2dancelouisville.com -- Headers: From: Marc Gagnier<gagnier.marc@gmail.com>  Reply-To: gagnier.marc@gmail.com  X-Mailer: PHP/5.5.33
[14-May-2016 02:32:25 America/Chicago] mail() on [/home/dkroyer6/public_html/Got2Dance/php/contact.php:61]: To: info@got2dancelouisville.com -- Headers: From: Varsha Sharma<info@ranks.co.in>  Reply-To: info@ranks.co.in  X-Mailer: PHP/5.5.35
[25-May-2016 06:29:52 America/Chicago] mail() on [/home/dkroyer6/public_html/Got2Dance/php/contact.php:61]: To: info@got2dancelouisville.com -- Headers: From: Audrey Feiock<afeiock@extelldev.com>  Reply-To: afeiock@extelldev.com  X-Mailer: PHP/5.5.35
[14-Jun-2016 18:51:00 America/Chicago] mail() on [/home/dkroyer6/public_html/Got2Dance/php/contact.php:61]: To: info@got2dancelouisville.com -- Headers: From: Dan Shimokochi<dshimo85@gmail.com>  Reply-To: dshimo85@gmail.com  X-Mailer: PHP/5.5.36
[16-Jun-2016 09:43:46 America/Chicago] mail() on [/home/dkroyer6/public_html/Got2Dance/php/contact.php:61]: To: info@got2dancelouisville.com -- Headers: From: Jenn Lichtefeld<jenni4lauren@gmail.com>  Reply-To: jenni4lauren@gmail.com  X-Mailer: PHP/5.5.36
[21-Jun-2016 08:38:13 America/Chicago] mail() on [/home/dkroyer6/public_html/Got2Dance/php/contact.php:61]: To: info@got2dancelouisville.com -- Headers: From: Andrea Evola<andreamarie502@gmail.com>  Reply-To: andreamarie502@gmail.com  X-Mailer: PHP/5.5.36
[05-Jul-2016 20:55:44 America/Chicago] mail() on [/home/dkroyer6/public_html/Got2Dance/php/contact.php:61]: To: info@got2dancelouisville.com -- Headers: From: Bill Allen<billa@1400willow.com>  Reply-To: billa@1400willow.com  X-Mailer: PHP/5.5.36
[05-Jul-2016 20:56:25 America/Chicago] mail() on [/home/dkroyer6/public_html/Got2Dance/php/contact.php:61]: To: info@got2dancelouisville.com -- Headers: From: Bill Allen<billa@1400willow.com>  Reply-To: billa@1400willow.com  X-Mailer: PHP/5.5.36
[08-Jul-2016 18:00:28 America/Chicago] mail() on [/home/dkroyer6/public_html/Got2Dance/php/contact.php:61]: To: info@got2dancelouisville.com -- Headers: From: Anuya Joshi<anuyajoshi2012@gmail.com>  Reply-To: anuyajoshi2012@gmail.com  X-Mailer: PHP/5.5.37
[31-Jul-2016 08:35:34 America/Chicago] mail() on [/home/dkroyer6/public_html/Got2Dance/php/contact.php:61]: To: info@got2dancelouisville.com -- Headers: From: Patrice<pjbjoy@gmail.com>  Reply-To: pjbjoy@gmail.com  X-Mailer: PHP/5.5.38
[04-Aug-2016 14:49:17 America/Chicago] mail() on [/home/dkroyer6/public_html/Got2Dance/php/contact.php:61]: To: info@got2dancelouisville.com -- Headers: From: Jennifer Wilson<dwayneandjenniferwilson@gmail.com>  Reply-To: dwayneandjenniferwilson@gmail.com  X-Mailer: PHP/5.5.38
[04-Aug-2016 14:49:19 America/Chicago] mail() on [/home/dkroyer6/public_html/Got2Dance/php/contact.php:61]: To: info@got2dancelouisville.com -- Headers: From: Jennifer Wilson<dwayneandjenniferwilson@gmail.com>  Reply-To: dwayneandjenniferwilson@gmail.com  X-Mailer: PHP/5.5.38
[14-Aug-2016 09:43:38 America/Chicago] mail() on [/home/dkroyer6/public_html/Got2Dance/php/contact.php:61]: To: info@got2dancelouisville.com -- Headers: From: Nancy Rivera<nancy8409@twc.com>  Reply-To: nancy8409@twc.com  X-Mailer: PHP/5.5.38
[16-Aug-2016 12:45:58 America/Chicago] mail() on [/home/dkroyer6/public_html/Got2Dance/php/contact.php:61]: To: info@got2dancelouisville.com -- Headers: From: Nancy <nancy8409@twc.com>  Reply-To: nancy8409@twc.com  X-Mailer: PHP/5.5.38
[23-Aug-2016 10:04:06 America/Chicago] mail() on [/home/dkroyer6/public_html/Got2Dance/php/contact.php:61]: To: info@got2dancelouisville.com -- Headers: From: Deb Suratt<deb.suratt@gmail.com>  Reply-To: deb.suratt@gmail.com  X-Mailer: PHP/5.5.38
[25-Aug-2016 09:33:47 America/Chicago] mail() on [/home/dkroyer6/public_html/Got2Dance/php/contact.php:61]: To: info@got2dancelouisville.com -- Headers: From: Sarah<sholton.91@gmail.com>  Reply-To: sholton.91@gmail.com  X-Mailer: PHP/5.5.38
[09-Sep-2016 13:01:55 America/Chicago] mail() on [/home/dkroyer6/public_html/Got2Dance/php/contact.php:61]: To: info@got2dancelouisville.com -- Headers: From: Angela Hawkins<angelasuehawkins@gmail.com>  Reply-To: angelasuehawkins@gmail.com  X-Mailer: PHP/5.5.38
[29-Sep-2016 21:51:25 America/Chicago] mail() on [/home/dkroyer6/public_html/Got2Dance/php/contact.php:61]: To: info@got2dancelouisville.com -- Headers: From: Melva<witchinit@gmail.com>  Reply-To: witchinit@gmail.com  X-Mailer: PHP/5.5.38
[01-Oct-2016 12:14:11 America/Chicago] mail() on [/home/dkroyer6/public_html/Got2Dance/php/contact.php:61]: To: info@got2dancelouisville.com -- Headers: From: Mats Larsson<mats@intnu.se>  Reply-To: mats@intnu.se  X-Mailer: PHP/5.5.38
[02-Oct-2016 10:28:01 America/Chicago] mail() on [/home/dkroyer6/public_html/Got2Dance/php/contact.php:61]: To: info@got2dancelouisville.com -- Headers: From: Anne Block<ablock@twc.com>  Reply-To: ablock@twc.com  X-Mailer: PHP/5.5.38
[09-Oct-2016 12:53:49 America/Chicago] mail() on [/home/dkroyer6/public_html/Got2Dance/php/contact.php:61]: To: info@got2dancelouisville.com -- Headers: From: RamonaKay Hyrne<rhyrne54@gmail.com>  Reply-To: rhyrne54@gmail.com  X-Mailer: PHP/5.5.38
[11-Oct-2016 21:40:43 America/Chicago] mail() on [/home/dkroyer6/public_html/Got2Dance/php/contact.php:61]: To: info@got2dancelouisville.com -- Headers: From: Anne Block<ablock@twc.com>  Reply-To: ablock@twc.com  X-Mailer: PHP/5.5.38
[26-Oct-2016 11:52:54 America/Chicago] mail() on [/home/dkroyer6/public_html/Got2Dance/php/contact.php:61]: To: info@got2dancelouisville.com -- Headers: From: Ivonne Rovira<ivonne.rovira@jefferson.kyschools.us>  Reply-To: ivonne.rovira@jefferson.kyschools.us  X-Mailer: PHP/5.5.38
[28-Oct-2016 09:24:10 America/Chicago] mail() on [/home/dkroyer6/public_html/Got2Dance/php/contact.php:61]: To: info@got2dancelouisville.com -- Headers: From: Tammy Vogler<tammy.vogler3@gmail.com>  Reply-To: tammy.vogler3@gmail.com  X-Mailer: PHP/5.5.38
[04-Nov-2016 14:49:47 America/Chicago] mail() on [/home/dkroyer6/public_html/Got2Dance/php/contact.php:61]: To: info@got2dancelouisville.com -- Headers: From: Jamie Kamin<jkamin@humana.com>  Reply-To: jkamin@humana.com  X-Mailer: PHP/5.5.38
[14-Nov-2016 20:03:58 America/Chicago] mail() on [/home/dkroyer6/public_html/Got2Dance/php/contact.php:61]: To: info@got2dancelouisville.com -- Headers: From: Sharon<dlsspurr@yahoo.com>  Reply-To: dlsspurr@yahoo.com  X-Mailer: PHP/5.5.38
[15-Nov-2016 15:08:02 America/Chicago] mail() on [/home/dkroyer6/public_html/Got2Dance/php/contact.php:61]: To: info@got2dancelouisville.com -- Headers: From: Sharon Spurrier<dlsspurr@yahoo.com>  Reply-To: dlsspurr@yahoo.com  X-Mailer: PHP/5.5.38
[17-Nov-2016 18:20:45 America/Chicago] mail() on [/home/dkroyer6/public_html/Got2Dance/php/contact.php:61]: To: info@got2dancelouisville.com -- Headers: From: Tammy Gnagy<tammyg@macaronikid.com>  Reply-To: tammyg@macaronikid.com  X-Mailer: PHP/5.5.38
[28-Nov-2016 10:43:08 America/Chicago] mail() on [/home/dkroyer6/public_html/Got2Dance/php/contact.php:61]: To: info@got2dancelouisville.com -- Headers: From: Bill Allen<billa@1400willow.com>  Reply-To: billa@1400willow.com  X-Mailer: PHP/5.5.38
[05-Dec-2016 10:10:27 America/Chicago] mail() on [/home/dkroyer6/public_html/Got2Dance/php/contact.php:61]: To: info@got2dancelouisville.com -- Headers: From: Tim Beckham<tanguerotim@gmail.com>  Reply-To: tanguerotim@gmail.com  X-Mailer: PHP/5.5.38
[08-Dec-2016 08:50:51 America/Chicago] mail() on [/home/dkroyer6/public_html/Got2Dance/php/contact.php:61]: To: info@got2dancelouisville.com -- Headers: From: Anne Block<ablock@twc.com>  Reply-To: ablock@twc.com  X-Mailer: PHP/5.5.38
[08-Dec-2016 17:58:15 America/Chicago] mail() on [/home/dkroyer6/public_html/Got2Dance/php/contact.php:61]: To: info@got2dancelouisville.com -- Headers: From: Nicole<3sheltiegirls@gbis.com>  Reply-To: 3sheltiegirls@gbis.com  X-Mailer: PHP/5.5.38
[28-Dec-2016 10:52:41 America/Chicago] mail() on [/home/dkroyer6/public_html/Got2Dance/php/contact.php:61]: To: info@got2dancelouisville.com -- Headers: From: Cathy<catmhodge@gmail.com>  Reply-To: catmhodge@gmail.com  X-Mailer: PHP/5.5.38
[28-Dec-2016 10:52:44 America/Chicago] mail() on [/home/dkroyer6/public_html/Got2Dance/php/contact.php:61]: To: info@got2dancelouisville.com -- Headers: From: Cathy<catmhodge@gmail.com>  Reply-To: catmhodge@gmail.com  X-Mailer: PHP/5.5.38
[14-Jan-2017 01:02:39 America/Chicago] mail() on [/home/dkroyer6/public_html/Got2Dance/php/contact.php:61]: To: info@got2dancelouisville.com -- Headers: From: Austin Pfeifer<apfeiferrunner@yahoo.com>  Reply-To: apfeiferrunner@yahoo.com  X-Mailer: PHP/5.5.38
[20-Jan-2017 16:20:26 America/Chicago] mail() on [/home/dkroyer6/public_html/Got2Dance/php/contact.php:61]: To: info@got2dancelouisville.com -- Headers: From: Steve Moore<stevemoore12368@gmail.com>  Reply-To: stevemoore12368@gmail.com  X-Mailer: PHP/5.5.38
[30-Jan-2017 13:36:30 America/Chicago] mail() on [/home/dkroyer6/public_html/Got2Dance/php/contact.php:61]: To: info@got2dancelouisville.com -- Headers: From: Terry Schmonsky<mamst4808@aol.com>  Reply-To: mamst4808@aol.com  X-Mailer: PHP/5.5.38
[31-Jan-2017 14:53:11 America/Chicago] mail() on [/home/dkroyer6/public_html/Got2Dance/php/contact.php:61]: To: info@got2dancelouisville.com -- Headers: From: Sarah Cartee<s.cartee06@gmail.com>  Reply-To: s.cartee06@gmail.com  X-Mailer: PHP/5.5.38
[07-Feb-2017 18:12:38 America/Chicago] mail() on [/home/dkroyer6/public_html/Got2Dance/php/contact.php:61]: To: info@got2dancelouisville.com -- Headers: From: JEFFREY NICOLAS<jbradnicolas@gmail.com>  Reply-To: jbradnicolas@gmail.com  X-Mailer: PHP/5.5.38
[20-Feb-2017 12:44:14 America/Chicago] mail() on [/home/dkroyer6/public_html/Got2Dance/php/contact.php:61]: To: info@got2dancelouisville.com -- Headers: From: Frank Richards<frichards@gmail.com>  Reply-To: frichards@gmail.com  X-Mailer: PHP/5.5.38
[16-Mar-2017 23:36:02 America/Chicago] mail() on [/home/dkroyer6/public_html/Got2Dance/php/contact.php:61]: To: info@got2dancelouisville.com -- Headers: From: Joseph Rony<jospeh.rony@gmail.com>  Reply-To: jospeh.rony@gmail.com  X-Mailer: PHP/5.5.38
[26-Mar-2017 20:20:30 America/Chicago] mail() on [/home/dkroyer6/public_html/Got2Dance/php/contact.php:61]: To: info@got2dancelouisville.com -- Headers: From: Elizabeth Wilson<dtw@bbtel.com>  Reply-To: dtw@bbtel.com  X-Mailer: PHP/5.5.38
[26-Mar-2017 20:20:32 America/Chicago] mail() on [/home/dkroyer6/public_html/Got2Dance/php/contact.php:61]: To: info@got2dancelouisville.com -- Headers: From: Elizabeth Wilson<dtw@bbtel.com>  Reply-To: dtw@bbtel.com  X-Mailer: PHP/5.5.38
[28-Mar-2017 10:43:03 America/Chicago] mail() on [/home/dkroyer6/public_html/Got2Dance/php/contact.php:61]: To: info@got2dancelouisville.com -- Headers: From: Megan McIntosh<rlabellydance@gmail.com>  Reply-To: rlabellydance@gmail.com  X-Mailer: PHP/5.5.38
[29-Mar-2017 10:29:55 America/Chicago] mail() on [/home/dkroyer6/public_html/Got2Dance/php/contact.php:61]: To: info@got2dancelouisville.com -- Headers: From: Berton Cobb<bdc.umr@gmail.com>  Reply-To: bdc.umr@gmail.com  X-Mailer: PHP/5.5.38
[06-Apr-2017 19:18:33 America/Chicago] mail() on [/home/dkroyer6/public_html/Got2Dance/php/contact.php:61]: To: info@got2dancelouisville.com -- Headers: From: Tim Dibble<timdibble@hotmail.com>  Reply-To: timdibble@hotmail.com  X-Mailer: PHP/5.5.38
[12-Apr-2017 11:26:21 America/Chicago] mail() on [/home/dkroyer6/public_html/Got2Dance/php/contact.php:61]: To: info@got2dancelouisville.com -- Headers: From: Leanne Gali<leannegali19@gmail.com>  Reply-To: leannegali19@gmail.com  X-Mailer: PHP/5.5.38
[13-Apr-2017 21:16:21 America/Chicago] mail() on [/home/dkroyer6/public_html/Got2Dance/php/contact.php:61]: To: info@got2dancelouisville.com -- Headers: From: Shelley moranville<m.moranville@twc.com>  Reply-To: m.moranville@twc.com  X-Mailer: PHP/5.5.38
[21-Apr-2017 18:34:20 America/Chicago] mail() on [/home/dkroyer6/public_html/Got2Dance/php/contact.php:61]: To: info@got2dancelouisville.com -- Headers: From: ANITA EVANS<AKEVANS007@GMAIL.COM>  Reply-To: AKEVANS007@GMAIL.COM  X-Mailer: PHP/5.5.38
[26-Apr-2017 15:25:24 America/Chicago] mail() on [/home/dkroyer6/public_html/Got2Dance/php/contact.php:61]: To: info@got2dancelouisville.com -- Headers: From: Trang Pham<quynhtrangpv@yahoo.com>  Reply-To: quynhtrangpv@yahoo.com  X-Mailer: PHP/5.5.38
[05-May-2017 10:37:01 America/Chicago] mail() on [/home/dkroyer6/public_html/Got2Dance/php/contact.php:61]: To: info@got2dancelouisville.com -- Headers: From: Robert Luellen<boluellen@gmail.com>  Reply-To: boluellen@gmail.com  X-Mailer: PHP/5.5.38
[15-May-2017 06:52:37 America/Chicago] mail() on [/home/dkroyer6/public_html/Got2Dance/php/contact.php:61]: To: info@got2dancelouisville.com -- Headers: From: Trish<Trish.kersting65@gmail.com>  Reply-To: Trish.kersting65@gmail.com  X-Mailer: PHP/5.5.38
[01-Jun-2017 10:58:23 America/Chicago] mail() on [/home/dkroyer6/public_html/Got2Dance/php/contact.php:61]: To: info@got2dancelouisville.com -- Headers: From: Frank<frankstev001@gmail.com>  Reply-To: frankstev001@gmail.com  X-Mailer: PHP/5.5.38
[11-Jun-2017 16:52:09 America/Chicago] mail() on [/home/dkroyer6/public_html/Got2Dance/php/contact.php:61]: To: info@got2dancelouisville.com -- Headers: From: James Sepanik<jas49442@gmail.com>  Reply-To: jas49442@gmail.com  X-Mailer: PHP/5.5.38
